Release 14.7 - xst P.20131013 (nt64)
Copyright (c) 1995-2013 Xilinx, Inc.  All rights reserved.
--> Parameter TMPDIR set to xst/projnav.tmp


Total REAL time to Xst completion: 0.00 secs
Total CPU time to Xst completion: 0.11 secs
 
--> Parameter xsthdpdir set to xst


Total REAL time to Xst completion: 0.00 secs
Total CPU time to Xst completion: 0.11 secs
 
--> Reading design: Task03b.prj

TABLE OF CONTENTS
  1) Synthesis Options Summary
  2) HDL Parsing
  3) HDL Elaboration
  4) HDL Synthesis
       4.1) HDL Synthesis Report
  5) Advanced HDL Synthesis
       5.1) Advanced HDL Synthesis Report
  6) Low Level Synthesis
  7) Partition Report
  8) Design Summary
       8.1) Primitive and Black Box Usage
       8.2) Device utilization summary
       8.3) Partition Resource Summary
       8.4) Timing Report
            8.4.1) Clock Information
            8.4.2) Asynchronous Control Signals Information
            8.4.3) Timing Summary
            8.4.4) Timing Details
            8.4.5) Cross Clock Domains Report


=========================================================================
*                      Synthesis Options Summary                        *
=========================================================================
---- Source Parameters
Input File Name                    : "Task03b.prj"
Ignore Synthesis Constraint File   : NO

---- Target Parameters
Output File Name                   : "Task03b"
Output Format                      : NGC
Target Device                      : xc7a100t-3-csg324

---- Source Options
Top Module Name                    : Task03b
Automatic FSM Extraction           : YES
FSM Encoding Algorithm             : Auto
Safe Implementation                : No
FSM Style                          : LUT
RAM Extraction                     : Yes
RAM Style                          : Auto
ROM Extraction                     : Yes
Shift Register Extraction          : YES
ROM Style                          : Auto
Resource Sharing                   : YES
Asynchronous To Synchronous        : NO
Shift Register Minimum Size        : 2
Use DSP Block                      : Auto
Automatic Register Balancing       : No

---- Target Options
LUT Combining                      : Auto
Reduce Control Sets                : Auto
Add IO Buffers                     : YES
Global Maximum Fanout              : 100000
Add Generic Clock Buffer(BUFG)     : 32
Register Duplication               : YES
Optimize Instantiated Primitives   : NO
Use Clock Enable                   : Auto
Use Synchronous Set                : Auto
Use Synchronous Reset              : Auto
Pack IO Registers into IOBs        : Auto
Equivalent register Removal        : YES

---- General Options
Optimization Goal                  : Speed
Optimization Effort                : 1
Power Reduction                    : NO
Keep Hierarchy                     : No
Netlist Hierarchy                  : As_Optimized
RTL Output                         : Yes
Global Optimization                : AllClockNets
Read Cores                         : YES
Write Timing Constraints           : NO
Cross Clock Analysis               : NO
Hierarchy Separator                : /
Bus Delimiter                      : <>
Case Specifier                     : Maintain
Slice Utilization Ratio            : 100
BRAM Utilization Ratio             : 100
DSP48 Utilization Ratio            : 100
Auto BRAM Packing                  : NO
Slice Utilization Ratio Delta      : 5

=========================================================================


=========================================================================
*                          HDL Parsing                                  *
=========================================================================
Parsing VHDL file "G:\Master_Information_Systems\1.Semester\Kryptographie_auf_Hardware\Assignment03\Exercise03\Task03b.vhd" into library work
Parsing entity <Task03b>.
Parsing architecture <calculation> of entity <task03b>.

=========================================================================
*                            HDL Elaboration                            *
=========================================================================

Elaborating entity <Task03b> (architecture <calculation>) from library <work>.

=========================================================================
*                           HDL Synthesis                               *
=========================================================================

Synthesizing Unit <Task03b>.
    Related source file is "G:\Master_Information_Systems\1.Semester\Kryptographie_auf_Hardware\Assignment03\Exercise03\Task03b.vhd".
    Found 32-bit adder for signal <n0016> created at line 23.
    Found 32-bit adder for signal <d> created at line 25.
    Found 32x32-bit multiplier for signal <n0009> created at line 24.
    Found 32x32-bit multiplier for signal <n0010> created at line 26.
    Summary:
	inferred   2 Multiplier(s).
	inferred   2 Adder/Subtractor(s).
Unit <Task03b> synthesized.

=========================================================================
HDL Synthesis Report

Macro Statistics
# Multipliers                                          : 2
 32x32-bit multiplier                                  : 2
# Adders/Subtractors                                   : 2
 32-bit adder                                          : 2

=========================================================================

=========================================================================
*                       Advanced HDL Synthesis                          *
=========================================================================


=========================================================================
Advanced HDL Synthesis Report

Macro Statistics
# Multipliers                                          : 2
 32x32-bit multiplier                                  : 2
# Adders/Subtractors                                   : 2
 32-bit adder                                          : 2

=========================================================================

=========================================================================
*                         Low Level Synthesis                           *
=========================================================================
WARNING:Xst:2677 - Node <Mmult_n00093> of sequential type is unconnected in block <Task03b>.
WARNING:Xst:2677 - Node <Mmult_n00103> of sequential type is unconnected in block <Task03b>.

Optimizing unit <Task03b> ...

Mapping all equations...
Building and optimizing final netlist ...
Found area constraint ratio of 100 (+ 5) on block Task03b, actual ratio is 0.

Final Macro Processing ...

=========================================================================
Final Register Report

Found no macro
=========================================================================

=========================================================================
*                           Partition Report                            *
=========================================================================

Partition Implementation Status
-------------------------------

  No Partitions were found in this design.

-------------------------------

=========================================================================
*                            Design Summary                             *
=========================================================================

Top Level Output File Name         : Task03b.ngc

Primitive and Black Box Usage:
------------------------------
# BELS                             : 192
#      GND                         : 1
#      INV                         : 2
#      LUT1                        : 30
#      LUT2                        : 32
#      MUXCY                       : 62
#      VCC                         : 1
#      XORCY                       : 64
# IO Buffers                       : 128
#      IBUF                        : 96
#      OBUF                        : 32
# DSPs                             : 6
#      DSP48E1                     : 6

Device utilization summary:
---------------------------

Selected Device : 7a100tcsg324-3 


Slice Logic Utilization: 
 Number of Slice LUTs:                   64  out of  63400     0%  
    Number used as Logic:                64  out of  63400     0%  

Slice Logic Distribution: 
 Number of LUT Flip Flop pairs used:     64
   Number with an unused Flip Flop:      64  out of     64   100%  
   Number with an unused LUT:             0  out of     64     0%  
   Number of fully used LUT-FF pairs:     0  out of     64     0%  
   Number of unique control sets:         0

IO Utilization: 
 Number of IOs:                         128
 Number of bonded IOBs:                 128  out of    210    60%  

Specific Feature Utilization:
 Number of DSP48E1s:                      6  out of    240     2%  

---------------------------
Partition Resource Summary:
---------------------------

  No Partitions were found in this design.

---------------------------


=========================================================================
Timing Report

NOTE: THESE TIMING NUMBERS ARE ONLY A SYNTHESIS ESTIMATE.
      FOR ACCURATE TIMING INFORMATION PLEASE REFER TO THE TRACE REPORT
      GENERATED AFTER PLACE-and-ROUTE.

Clock Information:
------------------
No clock signals found in this design

Asynchronous Control Signals Information:
----------------------------------------
No asynchronous control signals found in this design

Timing Summary:
---------------
Speed Grade: -3

   Minimum period: No path found
   Minimum input arrival time before clock: No path found
   Maximum output required time after clock: No path found
   Maximum combinational path delay: 10.415ns

Timing Details:
---------------
All values displayed in nanoseconds (ns)

=========================================================================
Timing constraint: Default path analysis
  Total number of paths / destination ports: 688562019 / 32
-------------------------------------------------------------------------
Delay:               10.415ns (Levels of Logic = 24)
  Source:            a_in<0> (PAD)
  Destination:       x<31> (PAD)

  Data Path: a_in<0> to x<31>
                                Gate     Net
    Cell:in->out      fanout   Delay   Delay  Logical Name (Net Name)
    ----------------------------------------  ------------
     IBUF:I->O             1   0.001   0.379  a_in_0_IBUF (a_in_0_IBUF)
     LUT2:I0->O            1   0.097   0.000  Madd_n0016_lut<0> (Madd_n0016_lut<0>)
     MUXCY:S->O            1   0.353   0.000  Madd_n0016_cy<0> (Madd_n0016_cy<0>)
     MUXCY:CI->O           1   0.023   0.000  Madd_n0016_cy<1> (Madd_n0016_cy<1>)
     MUXCY:CI->O           1   0.023   0.000  Madd_n0016_cy<2> (Madd_n0016_cy<2>)
     MUXCY:CI->O           1   0.023   0.000  Madd_n0016_cy<3> (Madd_n0016_cy<3>)
     MUXCY:CI->O           1   0.023   0.000  Madd_n0016_cy<4> (Madd_n0016_cy<4>)
     MUXCY:CI->O           1   0.023   0.000  Madd_n0016_cy<5> (Madd_n0016_cy<5>)
     MUXCY:CI->O           1   0.023   0.000  Madd_n0016_cy<6> (Madd_n0016_cy<6>)
     MUXCY:CI->O           1   0.023   0.000  Madd_n0016_cy<7> (Madd_n0016_cy<7>)
     MUXCY:CI->O           1   0.023   0.000  Madd_n0016_cy<8> (Madd_n0016_cy<8>)
     MUXCY:CI->O           1   0.023   0.000  Madd_n0016_cy<9> (Madd_n0016_cy<9>)
     MUXCY:CI->O           1   0.023   0.000  Madd_n0016_cy<10> (Madd_n0016_cy<10>)
     MUXCY:CI->O           1   0.023   0.000  Madd_n0016_cy<11> (Madd_n0016_cy<11>)
     MUXCY:CI->O           1   0.023   0.000  Madd_n0016_cy<12> (Madd_n0016_cy<12>)
     MUXCY:CI->O           1   0.023   0.000  Madd_n0016_cy<13> (Madd_n0016_cy<13>)
     MUXCY:CI->O           1   0.023   0.000  Madd_n0016_cy<14> (Madd_n0016_cy<14>)
     MUXCY:CI->O           1   0.023   0.000  Madd_n0016_cy<15> (Madd_n0016_cy<15>)
     XORCY:CI->O           3   0.370   0.289  Madd_n0016_xor<16> (n0016<16>)
     DSP48E1:B16->P16      1   2.690   0.279  Mmult_n0009 (n0009<16>)
     DSP48E1:A16->PCOUT47    1   2.970   0.000  Mmult_n0010 (Mmult_n0010_PCOUT_to_Mmult_n00101_PCIN_47)
     DSP48E1:PCIN47->PCOUT47    1   1.255   0.000  Mmult_n00101 (Mmult_n00101_PCOUT_to_Mmult_n00102_PCIN_47)
     DSP48E1:PCIN47->P14    1   1.107   0.279  Mmult_n00102 (x_31_OBUF)
     OBUF:I->O                 0.000          x_31_OBUF (x<31>)
    ----------------------------------------
    Total                     10.415ns (9.188ns logic, 1.227ns route)
                                       (88.2% logic, 11.8% route)

=========================================================================

Cross Clock Domains Report:
--------------------------

=========================================================================


Total REAL time to Xst completion: 8.00 secs
Total CPU time to Xst completion: 7.72 secs
 
--> 

Total memory usage is 4619780 kilobytes

Number of errors   :    0 (   0 filtered)
Number of warnings :    2 (   0 filtered)
Number of infos    :    0 (   0 filtered)

